[0.019s] Invoking command in '/home/gulislamoglu/naviggation_tb3/build/navigation_tb3': CMAKE_PREFIX_PATH=${CMAKE_PREFIX_PATH}:/home/gulislamoglu/yolo_ws/install/yolov8_ros:/home/gulislamoglu/turtlebot3_ws/install/turtlebot3_teleop:/home/gulislamoglu/turtlebot3_ws/install/turtlebot3_example:/opt/ros/humble /usr/bin/cmake /home/gulislamoglu/naviggation_tb3/src/navigation_tb3 -DCMAKE_INSTALL_PREFIX=/home/gulislamoglu/naviggation_tb3/install/navigation_tb3
[0.115s] -- The C compiler identification is GNU 11.4.0
[0.208s] -- The CXX compiler identification is GNU 11.4.0
[0.228s] -- Detecting C compiler ABI info
[0.378s] -- Detecting C compiler ABI info - done
[0.388s] -- Check for working C compiler: /usr/bin/cc - skipped
[0.389s] -- Detecting C compile features
[0.389s] -- Detecting C compile features - done
[0.393s] -- Detecting CXX compiler ABI info
[0.574s] -- Detecting CXX compiler ABI info - done
[0.586s] -- Check for working CXX compiler: /usr/bin/c++ - skipped
[0.586s] -- Detecting CXX compile features
[0.587s] -- Detecting CXX compile features - done
[0.594s] -- Found ament_cmake: 1.3.8 (/opt/ros/humble/share/ament_cmake/cmake)
[0.885s] -- Found Python3: /usr/bin/python3 (found version "3.10.12") found components: Interpreter 
[1.068s] -- Found rclcpp: 16.0.8 (/opt/ros/humble/share/rclcpp/cmake)
[1.169s] -- Found rosidl_generator_c: 3.1.5 (/opt/ros/humble/share/rosidl_generator_c/cmake)
[1.183s] -- Found rosidl_adapter: 3.1.5 (/opt/ros/humble/share/rosidl_adapter/cmake)
[1.202s] -- Found rosidl_generator_cpp: 3.1.5 (/opt/ros/humble/share/rosidl_generator_cpp/cmake)
[1.229s] -- Using all available rosidl_typesupport_c: rosidl_typesupport_fastrtps_c;rosidl_typesupport_introspection_c
[1.267s] -- Using all available rosidl_typesupport_cpp: rosidl_typesupport_fastrtps_cpp;rosidl_typesupport_introspection_cpp
[1.414s] -- Found rmw_implementation_cmake: 6.1.1 (/opt/ros/humble/share/rmw_implementation_cmake/cmake)
[1.422s] -- Found rmw_fastrtps_cpp: 6.2.6 (/opt/ros/humble/share/rmw_fastrtps_cpp/cmake)
[1.671s] -- Found OpenSSL: /usr/lib/x86_64-linux-gnu/libcrypto.so (found version "3.0.2")  
[1.734s] -- Found FastRTPS: /opt/ros/humble/include  
[1.826s] -- Using RMW implementation 'rmw_fastrtps_cpp' as default
[1.855s] -- Looking for pthread.h
[2.012s] -- Looking for pthread.h - found
[2.013s] -- Performing Test CMAKE_HAVE_LIBC_PTHREAD
[2.170s] -- Performing Test CMAKE_HAVE_LIBC_PTHREAD - Success
[2.171s] -- Found Threads: TRUE  
[2.432s] -- Found nav_msgs: 4.2.3 (/opt/ros/humble/share/nav_msgs/cmake)
[2.633s] -- Found rclpy: 3.3.12 (/opt/ros/humble/share/rclpy/cmake)
[2.895s] -- Configuring done
[2.911s] -- Generating done
[2.914s] -- Build files have been written to: /home/gulislamoglu/naviggation_tb3/build/navigation_tb3
[2.928s] Invoked command in '/home/gulislamoglu/naviggation_tb3/build/navigation_tb3' returned '0': CMAKE_PREFIX_PATH=${CMAKE_PREFIX_PATH}:/home/gulislamoglu/yolo_ws/install/yolov8_ros:/home/gulislamoglu/turtlebot3_ws/install/turtlebot3_teleop:/home/gulislamoglu/turtlebot3_ws/install/turtlebot3_example:/opt/ros/humble /usr/bin/cmake /home/gulislamoglu/naviggation_tb3/src/navigation_tb3 -DCMAKE_INSTALL_PREFIX=/home/gulislamoglu/naviggation_tb3/install/navigation_tb3
[2.930s] Invoking command in '/home/gulislamoglu/naviggation_tb3/build/navigation_tb3': CMAKE_PREFIX_PATH=${CMAKE_PREFIX_PATH}:/home/gulislamoglu/yolo_ws/install/yolov8_ros:/home/gulislamoglu/turtlebot3_ws/install/turtlebot3_teleop:/home/gulislamoglu/turtlebot3_ws/install/turtlebot3_example:/opt/ros/humble /usr/bin/cmake --build /home/gulislamoglu/naviggation_tb3/build/navigation_tb3 -- -j16 -l16
[3.035s] [ 50%] [32mBuilding CXX object CMakeFiles/pub_occupancy_grid.dir/src/pub_occupancy_grid.cpp.o[0m
[3.038s] [ 50%] Built target ament_cmake_python_copy_navigation_tb3
[3.447s] running egg_info
[3.447s] creating navigation_tb3.egg-info
[3.448s] writing navigation_tb3.egg-info/PKG-INFO
[3.448s] writing dependency_links to navigation_tb3.egg-info/dependency_links.txt
[3.448s] writing top-level names to navigation_tb3.egg-info/top_level.txt
[3.448s] writing manifest file 'navigation_tb3.egg-info/SOURCES.txt'
[3.451s] reading manifest file 'navigation_tb3.egg-info/SOURCES.txt'
[3.452s] writing manifest file 'navigation_tb3.egg-info/SOURCES.txt'
[3.495s] [ 50%] Built target ament_cmake_python_build_navigation_tb3_egg
[7.892s] [100%] [32m[1mLinking CXX executable pub_occupancy_grid[0m
[8.102s] [100%] Built target pub_occupancy_grid
[8.116s] Invoked command in '/home/gulislamoglu/naviggation_tb3/build/navigation_tb3' returned '0': CMAKE_PREFIX_PATH=${CMAKE_PREFIX_PATH}:/home/gulislamoglu/yolo_ws/install/yolov8_ros:/home/gulislamoglu/turtlebot3_ws/install/turtlebot3_teleop:/home/gulislamoglu/turtlebot3_ws/install/turtlebot3_example:/opt/ros/humble /usr/bin/cmake --build /home/gulislamoglu/naviggation_tb3/build/navigation_tb3 -- -j16 -l16
[8.165s] Invoking command in '/home/gulislamoglu/naviggation_tb3/build/navigation_tb3': CMAKE_PREFIX_PATH=${CMAKE_PREFIX_PATH}:/home/gulislamoglu/yolo_ws/install/yolov8_ros:/home/gulislamoglu/turtlebot3_ws/install/turtlebot3_teleop:/home/gulislamoglu/turtlebot3_ws/install/turtlebot3_example:/opt/ros/humble /usr/bin/cmake --install /home/gulislamoglu/naviggation_tb3/build/navigation_tb3
[8.173s] -- Install configuration: ""
[8.174s] -- Installing: /home/gulislamoglu/naviggation_tb3/install/navigation_tb3/lib/navigation_tb3/pub_occupancy_grid
[8.175s] -- Set runtime path of "/home/gulislamoglu/naviggation_tb3/install/navigation_tb3/lib/navigation_tb3/pub_occupancy_grid" to ""
[8.175s] -- Installing: /home/gulislamoglu/naviggation_tb3/install/navigation_tb3/share/navigation_tb3/launch
[8.176s] -- Installing: /home/gulislamoglu/naviggation_tb3/install/navigation_tb3/share/navigation_tb3/launch/mapping.launch.py
[8.176s] -- Installing: /home/gulislamoglu/naviggation_tb3/install/navigation_tb3/share/navigation_tb3/launch/navigation.launch.py
[8.176s] -- Installing: /home/gulislamoglu/naviggation_tb3/install/navigation_tb3/share/navigation_tb3/config
[8.176s] -- Installing: /home/gulislamoglu/naviggation_tb3/install/navigation_tb3/share/navigation_tb3/config/mapping.rviz
[8.176s] -- Installing: /home/gulislamoglu/naviggation_tb3/install/navigation_tb3/share/navigation_tb3/config/tb3_map.yaml
[8.176s] -- Installing: /home/gulislamoglu/naviggation_tb3/install/navigation_tb3/share/navigation_tb3/config/navigation.rviz
[8.176s] -- Installing: /home/gulislamoglu/naviggation_tb3/install/navigation_tb3/share/navigation_tb3/config/turtlebot3_lds_2d.lua
[8.177s] -- Installing: /home/gulislamoglu/naviggation_tb3/install/navigation_tb3/share/navigation_tb3/config/tb3_nav2_params.yaml
[8.177s] -- Installing: /home/gulislamoglu/naviggation_tb3/install/navigation_tb3/share/navigation_tb3/config/tb3_map.pgm
[8.177s] -- Installing: /home/gulislamoglu/naviggation_tb3/install/navigation_tb3/share/navigation_tb3/environment/pythonpath.sh
[8.177s] -- Installing: /home/gulislamoglu/naviggation_tb3/install/navigation_tb3/share/navigation_tb3/environment/pythonpath.dsv
[8.177s] -- Installing: /home/gulislamoglu/naviggation_tb3/install/navigation_tb3/local/lib/python3.10/dist-packages/navigation_tb3-0.0.0-py3.10.egg-info
[8.177s] -- Installing: /home/gulislamoglu/naviggation_tb3/install/navigation_tb3/local/lib/python3.10/dist-packages/navigation_tb3-0.0.0-py3.10.egg-info/top_level.txt
[8.177s] -- Installing: /home/gulislamoglu/naviggation_tb3/install/navigation_tb3/local/lib/python3.10/dist-packages/navigation_tb3-0.0.0-py3.10.egg-info/SOURCES.txt
[8.177s] -- Installing: /home/gulislamoglu/naviggation_tb3/install/navigation_tb3/local/lib/python3.10/dist-packages/navigation_tb3-0.0.0-py3.10.egg-info/dependency_links.txt
[8.178s] -- Installing: /home/gulislamoglu/naviggation_tb3/install/navigation_tb3/local/lib/python3.10/dist-packages/navigation_tb3-0.0.0-py3.10.egg-info/PKG-INFO
[8.178s] -- Installing: /home/gulislamoglu/naviggation_tb3/install/navigation_tb3/local/lib/python3.10/dist-packages/navigation_tb3
[8.178s] -- Installing: /home/gulislamoglu/naviggation_tb3/install/navigation_tb3/local/lib/python3.10/dist-packages/navigation_tb3/__init__.py
[8.210s] Listing '/home/gulislamoglu/naviggation_tb3/install/navigation_tb3/local/lib/python3.10/dist-packages/navigation_tb3'...
[8.210s] Compiling '/home/gulislamoglu/naviggation_tb3/install/navigation_tb3/local/lib/python3.10/dist-packages/navigation_tb3/__init__.py'...
[8.220s] -- Installing: /home/gulislamoglu/naviggation_tb3/install/navigation_tb3/lib/navigation_tb3/single_goal_nav.py
[8.220s] -- Installing: /home/gulislamoglu/naviggation_tb3/install/navigation_tb3/lib/navigation_tb3/multi_waypoints.py
[8.221s] -- Installing: /home/gulislamoglu/naviggation_tb3/install/navigation_tb3/share/ament_index/resource_index/package_run_dependencies/navigation_tb3
[8.222s] -- Installing: /home/gulislamoglu/naviggation_tb3/install/navigation_tb3/share/ament_index/resource_index/parent_prefix_path/navigation_tb3
[8.222s] -- Installing: /home/gulislamoglu/naviggation_tb3/install/navigation_tb3/share/navigation_tb3/environment/ament_prefix_path.sh
[8.223s] -- Installing: /home/gulislamoglu/naviggation_tb3/install/navigation_tb3/share/navigation_tb3/environment/ament_prefix_path.dsv
[8.223s] -- Installing: /home/gulislamoglu/naviggation_tb3/install/navigation_tb3/share/navigation_tb3/environment/path.sh
[8.223s] -- Installing: /home/gulislamoglu/naviggation_tb3/install/navigation_tb3/share/navigation_tb3/environment/path.dsv
[8.224s] -- Installing: /home/gulislamoglu/naviggation_tb3/install/navigation_tb3/share/navigation_tb3/local_setup.bash
[8.224s] -- Installing: /home/gulislamoglu/naviggation_tb3/install/navigation_tb3/share/navigation_tb3/local_setup.sh
[8.224s] -- Installing: /home/gulislamoglu/naviggation_tb3/install/navigation_tb3/share/navigation_tb3/local_setup.zsh
[8.224s] -- Installing: /home/gulislamoglu/naviggation_tb3/install/navigation_tb3/share/navigation_tb3/local_setup.dsv
[8.224s] -- Installing: /home/gulislamoglu/naviggation_tb3/install/navigation_tb3/share/navigation_tb3/package.dsv
[8.225s] -- Installing: /home/gulislamoglu/naviggation_tb3/install/navigation_tb3/share/ament_index/resource_index/packages/navigation_tb3
[8.225s] -- Installing: /home/gulislamoglu/naviggation_tb3/install/navigation_tb3/share/navigation_tb3/cmake/navigation_tb3Config.cmake
[8.225s] -- Installing: /home/gulislamoglu/naviggation_tb3/install/navigation_tb3/share/navigation_tb3/cmake/navigation_tb3Config-version.cmake
[8.225s] -- Installing: /home/gulislamoglu/naviggation_tb3/install/navigation_tb3/share/navigation_tb3/package.xml
[8.228s] Invoked command in '/home/gulislamoglu/naviggation_tb3/build/navigation_tb3' returned '0': CMAKE_PREFIX_PATH=${CMAKE_PREFIX_PATH}:/home/gulislamoglu/yolo_ws/install/yolov8_ros:/home/gulislamoglu/turtlebot3_ws/install/turtlebot3_teleop:/home/gulislamoglu/turtlebot3_ws/install/turtlebot3_example:/opt/ros/humble /usr/bin/cmake --install /home/gulislamoglu/naviggation_tb3/build/navigation_tb3
