[0.089s] DEBUG:colcon:Command line arguments: ['/usr/bin/colcon', 'build']
[0.089s] DEBUG:colcon:Parsed command line arguments: Namespace(log_base=None, log_level=None, verb_name='build', build_base='build', install_base='install', merge_install=False, symlink_install=False, test_result_base=None, continue_on_error=False, executor='parallel', parallel_workers=16, event_handlers=None, ignore_user_meta=False, metas=['./colcon.meta'], base_paths=['.'], packages_ignore=None, packages_ignore_regex=None, paths=None, packages_up_to=None, packages_up_to_regex=None, packages_above=None, packages_above_and_dependencies=None, packages_above_depth=None, packages_select_by_dep=None, packages_skip_by_dep=None, packages_skip_up_to=None, packages_select_build_failed=False, packages_skip_build_finished=False, packages_select_test_failures=False, packages_skip_test_passed=False, packages_select=None, packages_skip=None, packages_select_regex=None, packages_skip_regex=None, packages_start=None, packages_end=None, allow_overriding=[], cmake_args=None, cmake_target=None, cmake_target_skip_unavailable=False, cmake_clean_cache=False, cmake_clean_first=False, cmake_force_configure=False, ament_cmake_args=None, catkin_cmake_args=None, catkin_skip_building_tests=False, mixin_files=None, mixin=None, verb_parser=<colcon_mixin.mixin.mixin_argument.MixinArgumentDecorator object at 0x7726a219b850>, verb_extension=<colcon_core.verb.build.BuildVerb object at 0x7726a219b160>, main=<bound method BuildVerb.main of <colcon_core.verb.build.BuildVerb object at 0x7726a219b160>>, mixin_verb=('build',))
[0.264s] Level 1:colcon.colcon_core.package_discovery:discover_packages(colcon_meta) check parameters
[0.264s] Level 1:colcon.colcon_core.package_discovery:discover_packages(recursive) check parameters
[0.264s] Level 1:colcon.colcon_core.package_discovery:discover_packages(ignore) check parameters
[0.264s] Level 1:colcon.colcon_core.package_discovery:discover_packages(path) check parameters
[0.264s] Level 1:colcon.colcon_core.package_discovery:discover_packages(colcon_meta) discover
[0.264s] Level 1:colcon.colcon_core.package_discovery:discover_packages(recursive) discover
[0.264s] INFO:colcon.colcon_core.package_discovery:Crawling recursively for packages in '/home/gulislamoglu/naviggation_tb3'
[0.264s] Level 1:colcon.colcon_core.package_identification:_identify(.) by extensions ['ignore', 'ignore_ament_install']
[0.264s] Level 1:colcon.colcon_core.package_identification:_identify(.) by extension 'ignore'
[0.265s] Level 1:colcon.colcon_core.package_identification:_identify(.) by extension 'ignore_ament_install'
[0.265s] Level 1:colcon.colcon_core.package_identification:_identify(.) by extensions ['colcon_pkg']
[0.265s] Level 1:colcon.colcon_core.package_identification:_identify(.) by extension 'colcon_pkg'
[0.265s] Level 1:colcon.colcon_core.package_identification:_identify(.) by extensions ['colcon_meta']
[0.265s] Level 1:colcon.colcon_core.package_identification:_identify(.) by extension 'colcon_meta'
[0.265s] Level 1:colcon.colcon_core.package_identification:_identify(.) by extensions ['ros']
[0.265s] Level 1:colcon.colcon_core.package_identification:_identify(.) by extension 'ros'
[0.284s] Level 1:colcon.colcon_core.package_identification:_identify(.) by extensions ['cmake', 'python']
[0.284s] Level 1:colcon.colcon_core.package_identification:_identify(.) by extension 'cmake'
[0.284s] Level 1:colcon.colcon_core.package_identification:_identify(.) by extension 'python'
[0.284s] Level 1:colcon.colcon_core.package_identification:_identify(.) by extensions ['python_setup_py']
[0.284s] Level 1:colcon.colcon_core.package_identification:_identify(.) by extension 'python_setup_py'
[0.284s] Level 1:colcon.colcon_core.package_identification:_identify(build) by extensions ['ignore', 'ignore_ament_install']
[0.284s] Level 1:colcon.colcon_core.package_identification:_identify(build) by extension 'ignore'
[0.284s] Level 1:colcon.colcon_core.package_identification:_identify(build) ignored
[0.284s] Level 1:colcon.colcon_core.package_identification:_identify(install) by extensions ['ignore', 'ignore_ament_install']
[0.285s] Level 1:colcon.colcon_core.package_identification:_identify(install) by extension 'ignore'
[0.285s] Level 1:colcon.colcon_core.package_identification:_identify(install) ignored
[0.285s] Level 1:colcon.colcon_core.package_identification:_identify(log) by extensions ['ignore', 'ignore_ament_install']
[0.285s] Level 1:colcon.colcon_core.package_identification:_identify(log) by extension 'ignore'
[0.285s] Level 1:colcon.colcon_core.package_identification:_identify(log) ignored
[0.285s] Level 1:colcon.colcon_core.package_identification:_identify(src) by extensions ['ignore', 'ignore_ament_install']
[0.285s] Level 1:colcon.colcon_core.package_identification:_identify(src) by extension 'ignore'
[0.285s] Level 1:colcon.colcon_core.package_identification:_identify(src) by extension 'ignore_ament_install'
[0.285s] Level 1:colcon.colcon_core.package_identification:_identify(src) by extensions ['colcon_pkg']
[0.285s] Level 1:colcon.colcon_core.package_identification:_identify(src) by extension 'colcon_pkg'
[0.285s] Level 1:colcon.colcon_core.package_identification:_identify(src) by extensions ['colcon_meta']
[0.285s] Level 1:colcon.colcon_core.package_identification:_identify(src) by extension 'colcon_meta'
[0.285s] Level 1:colcon.colcon_core.package_identification:_identify(src) by extensions ['ros']
[0.285s] Level 1:colcon.colcon_core.package_identification:_identify(src) by extension 'ros'
[0.285s] Level 1:colcon.colcon_core.package_identification:_identify(src) by extensions ['cmake', 'python']
[0.285s] Level 1:colcon.colcon_core.package_identification:_identify(src) by extension 'cmake'
[0.285s] Level 1:colcon.colcon_core.package_identification:_identify(src) by extension 'python'
[0.285s] Level 1:colcon.colcon_core.package_identification:_identify(src) by extensions ['python_setup_py']
[0.285s] Level 1:colcon.colcon_core.package_identification:_identify(src) by extension 'python_setup_py'
[0.285s] Level 1:colcon.colcon_core.package_identification:_identify(src/navigation_tb3) by extensions ['ignore', 'ignore_ament_install']
[0.285s] Level 1:colcon.colcon_core.package_identification:_identify(src/navigation_tb3) by extension 'ignore'
[0.286s] Level 1:colcon.colcon_core.package_identification:_identify(src/navigation_tb3) by extension 'ignore_ament_install'
[0.286s] Level 1:colcon.colcon_core.package_identification:_identify(src/navigation_tb3) by extensions ['colcon_pkg']
[0.286s] Level 1:colcon.colcon_core.package_identification:_identify(src/navigation_tb3) by extension 'colcon_pkg'
[0.286s] Level 1:colcon.colcon_core.package_identification:_identify(src/navigation_tb3) by extensions ['colcon_meta']
[0.286s] Level 1:colcon.colcon_core.package_identification:_identify(src/navigation_tb3) by extension 'colcon_meta'
[0.286s] Level 1:colcon.colcon_core.package_identification:_identify(src/navigation_tb3) by extensions ['ros']
[0.286s] Level 1:colcon.colcon_core.package_identification:_identify(src/navigation_tb3) by extension 'ros'
[0.288s] DEBUG:colcon.colcon_core.package_identification:Package 'src/navigation_tb3' with type 'ros.ament_cmake' and name 'navigation_tb3'
[0.288s] Level 1:colcon.colcon_core.package_discovery:discover_packages(recursive) using defaults
[0.288s] Level 1:colcon.colcon_core.package_discovery:discover_packages(ignore) discover
[0.288s] Level 1:colcon.colcon_core.package_discovery:discover_packages(ignore) using defaults
[0.288s] Level 1:colcon.colcon_core.package_discovery:discover_packages(path) discover
[0.288s] Level 1:colcon.colcon_core.package_discovery:discover_packages(path) using defaults
[0.303s] Level 1:colcon.colcon_core.package_discovery:discover_packages(prefix_path) check parameters
[0.303s] Level 1:colcon.colcon_core.package_discovery:discover_packages(prefix_path) discover
[0.312s] DEBUG:colcon.colcon_installed_package_information.package_discovery:Found 1 installed packages in /home/gulislamoglu/naviggation_tb3/install
[0.313s] DEBUG:colcon.colcon_installed_package_information.package_discovery:Found 13 installed packages in /home/gulislamoglu/turtlebot3_ws/install
[0.315s] DEBUG:colcon.colcon_installed_package_information.package_discovery:Found 396 installed packages in /opt/ros/humble
[0.317s] Level 1:colcon.colcon_core.package_discovery:discover_packages(prefix_path) using defaults
[0.357s] Level 5:colcon.colcon_core.verb:set package 'navigation_tb3' build argument 'cmake_args' from command line to 'None'
[0.357s] Level 5:colcon.colcon_core.verb:set package 'navigation_tb3' build argument 'cmake_target' from command line to 'None'
[0.357s] Level 5:colcon.colcon_core.verb:set package 'navigation_tb3' build argument 'cmake_target_skip_unavailable' from command line to 'False'
[0.357s] Level 5:colcon.colcon_core.verb:set package 'navigation_tb3' build argument 'cmake_clean_cache' from command line to 'False'
[0.357s] Level 5:colcon.colcon_core.verb:set package 'navigation_tb3' build argument 'cmake_clean_first' from command line to 'False'
[0.357s] Level 5:colcon.colcon_core.verb:set package 'navigation_tb3' build argument 'cmake_force_configure' from command line to 'False'
[0.357s] Level 5:colcon.colcon_core.verb:set package 'navigation_tb3' build argument 'ament_cmake_args' from command line to 'None'
[0.357s] Level 5:colcon.colcon_core.verb:set package 'navigation_tb3' build argument 'catkin_cmake_args' from command line to 'None'
[0.357s] Level 5:colcon.colcon_core.verb:set package 'navigation_tb3' build argument 'catkin_skip_building_tests' from command line to 'False'
[0.357s] DEBUG:colcon.colcon_core.verb:Building package 'navigation_tb3' with the following arguments: {'ament_cmake_args': None, 'build_base': '/home/gulislamoglu/naviggation_tb3/build/navigation_tb3', 'catkin_cmake_args': None, 'catkin_skip_building_tests': False, 'cmake_args': None, 'cmake_clean_cache': False, 'cmake_clean_first': False, 'cmake_force_configure': False, 'cmake_target': None, 'cmake_target_skip_unavailable': False, 'install_base': '/home/gulislamoglu/naviggation_tb3/install/navigation_tb3', 'merge_install': False, 'path': '/home/gulislamoglu/naviggation_tb3/src/navigation_tb3', 'symlink_install': False, 'test_result_base': None}
[0.357s] INFO:colcon.colcon_core.executor:Executing jobs using 'parallel' executor
[0.358s] DEBUG:colcon.colcon_parallel_executor.executor.parallel:run_until_complete
[0.358s] INFO:colcon.colcon_ros.task.ament_cmake.build:Building ROS package in '/home/gulislamoglu/naviggation_tb3/src/navigation_tb3' with build type 'ament_cmake'
[0.359s] INFO:colcon.colcon_cmake.task.cmake.build:Building CMake package in '/home/gulislamoglu/naviggation_tb3/src/navigation_tb3'
[0.360s] INFO:colcon.colcon_core.plugin_system:Skipping extension 'colcon_core.shell.bat': Not used on non-Windows systems
[0.360s] INFO:colcon.colcon_core.shell:Skip shell extension 'powershell' for command environment: Not usable outside of PowerShell
[0.360s] DEBUG:colcon.colcon_core.shell:Skip shell extension 'dsv' for command environment
[0.372s] DEBUG:colcon.colcon_core.event_handler.log_command:Invoking command in '/home/gulislamoglu/naviggation_tb3/build/navigation_tb3': CMAKE_PREFIX_PATH=${CMAKE_PREFIX_PATH}:/home/gulislamoglu/turtlebot3_ws/install/turtlebot3_teleop:/home/gulislamoglu/turtlebot3_ws/install/turtlebot3_example:/opt/ros/humble /usr/bin/cmake --build /home/gulislamoglu/naviggation_tb3/build/navigation_tb3 -- -j16 -l16
[0.824s] DEBUG:colcon.colcon_core.event_handler.log_command:Invoked command in '/home/gulislamoglu/naviggation_tb3/build/navigation_tb3' returned '0': CMAKE_PREFIX_PATH=${CMAKE_PREFIX_PATH}:/home/gulislamoglu/turtlebot3_ws/install/turtlebot3_teleop:/home/gulislamoglu/turtlebot3_ws/install/turtlebot3_example:/opt/ros/humble /usr/bin/cmake --build /home/gulislamoglu/naviggation_tb3/build/navigation_tb3 -- -j16 -l16
[0.888s] DEBUG:colcon.colcon_core.event_handler.log_command:Invoking command in '/home/gulislamoglu/naviggation_tb3/build/navigation_tb3': CMAKE_PREFIX_PATH=${CMAKE_PREFIX_PATH}:/home/gulislamoglu/turtlebot3_ws/install/turtlebot3_teleop:/home/gulislamoglu/turtlebot3_ws/install/turtlebot3_example:/opt/ros/humble /usr/bin/cmake --install /home/gulislamoglu/naviggation_tb3/build/navigation_tb3
[0.946s] Level 1:colcon.colcon_core.environment:create_environment_scripts_only(navigation_tb3)
[0.947s] DEBUG:colcon.colcon_core.event_handler.log_command:Invoked command in '/home/gulislamoglu/naviggation_tb3/build/navigation_tb3' returned '0': CMAKE_PREFIX_PATH=${CMAKE_PREFIX_PATH}:/home/gulislamoglu/turtlebot3_ws/install/turtlebot3_teleop:/home/gulislamoglu/turtlebot3_ws/install/turtlebot3_example:/opt/ros/humble /usr/bin/cmake --install /home/gulislamoglu/naviggation_tb3/build/navigation_tb3
[0.949s] Level 1:colcon.colcon_core.environment:checking '/home/gulislamoglu/naviggation_tb3/install/navigation_tb3' for CMake module files
[0.949s] Level 1:colcon.colcon_core.environment:checking '/home/gulislamoglu/naviggation_tb3/install/navigation_tb3' for CMake config files
[0.949s] Level 1:colcon.colcon_core.shell:create_environment_hook('navigation_tb3', 'cmake_prefix_path')
[0.950s] INFO:colcon.colcon_core.shell:Creating environment hook '/home/gulislamoglu/naviggation_tb3/install/navigation_tb3/share/navigation_tb3/hook/cmake_prefix_path.ps1'
[0.950s] INFO:colcon.colcon_core.shell:Creating environment descriptor '/home/gulislamoglu/naviggation_tb3/install/navigation_tb3/share/navigation_tb3/hook/cmake_prefix_path.dsv'
[0.950s] INFO:colcon.colcon_core.shell:Creating environment hook '/home/gulislamoglu/naviggation_tb3/install/navigation_tb3/share/navigation_tb3/hook/cmake_prefix_path.sh'
[0.951s] Level 1:colcon.colcon_core.environment:checking '/home/gulislamoglu/naviggation_tb3/install/navigation_tb3/lib'
[0.951s] Level 1:colcon.colcon_core.environment:checking '/home/gulislamoglu/naviggation_tb3/install/navigation_tb3/bin'
[0.951s] Level 1:colcon.colcon_core.environment:checking '/home/gulislamoglu/naviggation_tb3/install/navigation_tb3/lib/pkgconfig/navigation_tb3.pc'
[0.951s] Level 1:colcon.colcon_core.environment:checking '/home/gulislamoglu/naviggation_tb3/install/navigation_tb3/lib/python3.10/site-packages'
[0.951s] Level 1:colcon.colcon_core.environment:checking '/home/gulislamoglu/naviggation_tb3/install/navigation_tb3/bin'
[0.952s] INFO:colcon.colcon_core.shell:Creating package script '/home/gulislamoglu/naviggation_tb3/install/navigation_tb3/share/navigation_tb3/package.ps1'
[0.952s] INFO:colcon.colcon_core.shell:Creating package descriptor '/home/gulislamoglu/naviggation_tb3/install/navigation_tb3/share/navigation_tb3/package.dsv'
[0.953s] INFO:colcon.colcon_core.shell:Creating package script '/home/gulislamoglu/naviggation_tb3/install/navigation_tb3/share/navigation_tb3/package.sh'
[0.953s] INFO:colcon.colcon_core.shell:Creating package script '/home/gulislamoglu/naviggation_tb3/install/navigation_tb3/share/navigation_tb3/package.bash'
[0.954s] INFO:colcon.colcon_core.shell:Creating package script '/home/gulislamoglu/naviggation_tb3/install/navigation_tb3/share/navigation_tb3/package.zsh'
[0.954s] Level 1:colcon.colcon_core.environment:create_file_with_runtime_dependencies(/home/gulislamoglu/naviggation_tb3/install/navigation_tb3/share/colcon-core/packages/navigation_tb3)
[1.003s] Level 1:colcon.colcon_core.environment:create_environment_scripts_only(navigation_tb3)
[1.004s] Level 1:colcon.colcon_core.environment:checking '/home/gulislamoglu/naviggation_tb3/install/navigation_tb3' for CMake module files
[1.004s] Level 1:colcon.colcon_core.environment:checking '/home/gulislamoglu/naviggation_tb3/install/navigation_tb3' for CMake config files
[1.005s] Level 1:colcon.colcon_core.shell:create_environment_hook('navigation_tb3', 'cmake_prefix_path')
[1.005s] INFO:colcon.colcon_core.shell:Creating environment hook '/home/gulislamoglu/naviggation_tb3/install/navigation_tb3/share/navigation_tb3/hook/cmake_prefix_path.ps1'
[1.005s] INFO:colcon.colcon_core.shell:Creating environment descriptor '/home/gulislamoglu/naviggation_tb3/install/navigation_tb3/share/navigation_tb3/hook/cmake_prefix_path.dsv'
[1.005s] INFO:colcon.colcon_core.shell:Creating environment hook '/home/gulislamoglu/naviggation_tb3/install/navigation_tb3/share/navigation_tb3/hook/cmake_prefix_path.sh'
[1.006s] Level 1:colcon.colcon_core.environment:checking '/home/gulislamoglu/naviggation_tb3/install/navigation_tb3/lib'
[1.006s] Level 1:colcon.colcon_core.environment:checking '/home/gulislamoglu/naviggation_tb3/install/navigation_tb3/bin'
[1.006s] Level 1:colcon.colcon_core.environment:checking '/home/gulislamoglu/naviggation_tb3/install/navigation_tb3/lib/pkgconfig/navigation_tb3.pc'
[1.006s] Level 1:colcon.colcon_core.environment:checking '/home/gulislamoglu/naviggation_tb3/install/navigation_tb3/lib/python3.10/site-packages'
[1.006s] Level 1:colcon.colcon_core.environment:checking '/home/gulislamoglu/naviggation_tb3/install/navigation_tb3/bin'
[1.006s] INFO:colcon.colcon_core.shell:Creating package script '/home/gulislamoglu/naviggation_tb3/install/navigation_tb3/share/navigation_tb3/package.ps1'
[1.007s] INFO:colcon.colcon_core.shell:Creating package descriptor '/home/gulislamoglu/naviggation_tb3/install/navigation_tb3/share/navigation_tb3/package.dsv'
[1.007s] INFO:colcon.colcon_core.shell:Creating package script '/home/gulislamoglu/naviggation_tb3/install/navigation_tb3/share/navigation_tb3/package.sh'
[1.007s] INFO:colcon.colcon_core.shell:Creating package script '/home/gulislamoglu/naviggation_tb3/install/navigation_tb3/share/navigation_tb3/package.bash'
[1.008s] INFO:colcon.colcon_core.shell:Creating package script '/home/gulislamoglu/naviggation_tb3/install/navigation_tb3/share/navigation_tb3/package.zsh'
[1.008s] Level 1:colcon.colcon_core.environment:create_file_with_runtime_dependencies(/home/gulislamoglu/naviggation_tb3/install/navigation_tb3/share/colcon-core/packages/navigation_tb3)
[1.008s] DEBUG:colcon.colcon_parallel_executor.executor.parallel:closing loop
[1.008s] DEBUG:colcon.colcon_parallel_executor.executor.parallel:loop closed
[1.008s] DEBUG:colcon.colcon_parallel_executor.executor.parallel:run_until_complete finished with '0'
[1.008s] DEBUG:colcon.colcon_core.event_reactor:joining thread
[1.019s] INFO:colcon.colcon_core.plugin_system:Skipping extension 'colcon_notification.desktop_notification.terminal_notifier': Not used on non-Darwin systems
[1.019s] INFO:colcon.colcon_core.plugin_system:Skipping extension 'colcon_notification.desktop_notification.win32': Not used on non-Windows systems
[1.019s] INFO:colcon.colcon_notification.desktop_notification:Sending desktop notification using 'notify2'
[1.043s] DEBUG:colcon.colcon_core.event_reactor:joined thread
[1.044s] INFO:colcon.colcon_core.shell:Creating prefix script '/home/gulislamoglu/naviggation_tb3/install/local_setup.ps1'
[1.045s] INFO:colcon.colcon_core.shell:Creating prefix util module '/home/gulislamoglu/naviggation_tb3/install/_local_setup_util_ps1.py'
[1.046s] INFO:colcon.colcon_core.shell:Creating prefix chain script '/home/gulislamoglu/naviggation_tb3/install/setup.ps1'
[1.047s] INFO:colcon.colcon_core.shell:Creating prefix script '/home/gulislamoglu/naviggation_tb3/install/local_setup.sh'
[1.048s] INFO:colcon.colcon_core.shell:Creating prefix util module '/home/gulislamoglu/naviggation_tb3/install/_local_setup_util_sh.py'
[1.048s] INFO:colcon.colcon_core.shell:Creating prefix chain script '/home/gulislamoglu/naviggation_tb3/install/setup.sh'
[1.049s] INFO:colcon.colcon_core.shell:Creating prefix script '/home/gulislamoglu/naviggation_tb3/install/local_setup.bash'
[1.050s] INFO:colcon.colcon_core.shell:Creating prefix chain script '/home/gulislamoglu/naviggation_tb3/install/setup.bash'
[1.051s] INFO:colcon.colcon_core.shell:Creating prefix script '/home/gulislamoglu/naviggation_tb3/install/local_setup.zsh'
[1.051s] INFO:colcon.colcon_core.shell:Creating prefix chain script '/home/gulislamoglu/naviggation_tb3/install/setup.zsh'
