[0.024s] Invoking command in '/home/gulislamoglu/naviggation_tb3/build/navigation_tb3': CMAKE_PREFIX_PATH=${CMAKE_PREFIX_PATH}:/home/gulislamoglu/turtlebot3_ws/install/turtlebot3_teleop:/home/gulislamoglu/turtlebot3_ws/install/turtlebot3_example:/opt/ros/humble /usr/bin/cmake --build /home/gulislamoglu/naviggation_tb3/build/navigation_tb3 -- -j16 -l16
[0.154s] [100%] Built target pub_occupancy_grid
[0.173s] [100%] Built target ament_cmake_python_copy_navigation_tb3
[0.604s] running egg_info
[0.605s] writing navigation_tb3.egg-info/PKG-INFO
[0.605s] writing dependency_links to navigation_tb3.egg-info/dependency_links.txt
[0.605s] writing top-level names to navigation_tb3.egg-info/top_level.txt
[0.609s] reading manifest file 'navigation_tb3.egg-info/SOURCES.txt'
[0.609s] writing manifest file 'navigation_tb3.egg-info/SOURCES.txt'
[0.684s] [100%] Built target ament_cmake_python_build_navigation_tb3_egg
[0.709s] Invoked command in '/home/gulislamoglu/naviggation_tb3/build/navigation_tb3' returned '0': CMAKE_PREFIX_PATH=${CMAKE_PREFIX_PATH}:/home/gulislamoglu/turtlebot3_ws/install/turtlebot3_teleop:/home/gulislamoglu/turtlebot3_ws/install/turtlebot3_example:/opt/ros/humble /usr/bin/cmake --build /home/gulislamoglu/naviggation_tb3/build/navigation_tb3 -- -j16 -l16
[0.799s] Invoking command in '/home/gulislamoglu/naviggation_tb3/build/navigation_tb3': CMAKE_PREFIX_PATH=${CMAKE_PREFIX_PATH}:/home/gulislamoglu/turtlebot3_ws/install/turtlebot3_teleop:/home/gulislamoglu/turtlebot3_ws/install/turtlebot3_example:/opt/ros/humble /usr/bin/cmake --install /home/gulislamoglu/naviggation_tb3/build/navigation_tb3
[0.819s] -- Install configuration: ""
[0.819s] -- Up-to-date: /home/gulislamoglu/naviggation_tb3/install/navigation_tb3/lib/navigation_tb3/pub_occupancy_grid
[0.820s] -- Up-to-date: /home/gulislamoglu/naviggation_tb3/install/navigation_tb3/share/navigation_tb3/launch
[0.820s] -- Up-to-date: /home/gulislamoglu/naviggation_tb3/install/navigation_tb3/share/navigation_tb3/launch/mapping.launch.py
[0.820s] -- Up-to-date: /home/gulislamoglu/naviggation_tb3/install/navigation_tb3/share/navigation_tb3/launch/navigation.launch.py
[0.821s] -- Up-to-date: /home/gulislamoglu/naviggation_tb3/install/navigation_tb3/share/navigation_tb3/config
[0.821s] -- Up-to-date: /home/gulislamoglu/naviggation_tb3/install/navigation_tb3/share/navigation_tb3/config/mapping.rviz
[0.821s] -- Up-to-date: /home/gulislamoglu/naviggation_tb3/install/navigation_tb3/share/navigation_tb3/config/tb3_map.yaml
[0.821s] -- Up-to-date: /home/gulislamoglu/naviggation_tb3/install/navigation_tb3/share/navigation_tb3/config/navigation.rviz
[0.822s] -- Up-to-date: /home/gulislamoglu/naviggation_tb3/install/navigation_tb3/share/navigation_tb3/config/turtlebot3_lds_2d.lua
[0.822s] -- Up-to-date: /home/gulislamoglu/naviggation_tb3/install/navigation_tb3/share/navigation_tb3/config/map_house.pgm
[0.822s] -- Up-to-date: /home/gulislamoglu/naviggation_tb3/install/navigation_tb3/share/navigation_tb3/config/tb3_nav2_params.yaml
[0.822s] -- Up-to-date: /home/gulislamoglu/naviggation_tb3/install/navigation_tb3/share/navigation_tb3/config/tb3_map.pgm
[0.822s] -- Up-to-date: /home/gulislamoglu/naviggation_tb3/install/navigation_tb3/share/navigation_tb3/config/map_house.yaml
[0.822s] -- Up-to-date: /home/gulislamoglu/naviggation_tb3/install/navigation_tb3/share/navigation_tb3/environment/pythonpath.sh
[0.823s] -- Up-to-date: /home/gulislamoglu/naviggation_tb3/install/navigation_tb3/share/navigation_tb3/environment/pythonpath.dsv
[0.823s] -- Up-to-date: /home/gulislamoglu/naviggation_tb3/install/navigation_tb3/local/lib/python3.10/dist-packages/navigation_tb3-0.0.0-py3.10.egg-info
[0.823s] -- Installing: /home/gulislamoglu/naviggation_tb3/install/navigation_tb3/local/lib/python3.10/dist-packages/navigation_tb3-0.0.0-py3.10.egg-info/top_level.txt
[0.823s] -- Installing: /home/gulislamoglu/naviggation_tb3/install/navigation_tb3/local/lib/python3.10/dist-packages/navigation_tb3-0.0.0-py3.10.egg-info/SOURCES.txt
[0.823s] -- Installing: /home/gulislamoglu/naviggation_tb3/install/navigation_tb3/local/lib/python3.10/dist-packages/navigation_tb3-0.0.0-py3.10.egg-info/dependency_links.txt
[0.824s] -- Installing: /home/gulislamoglu/naviggation_tb3/install/navigation_tb3/local/lib/python3.10/dist-packages/navigation_tb3-0.0.0-py3.10.egg-info/PKG-INFO
[0.824s] -- Up-to-date: /home/gulislamoglu/naviggation_tb3/install/navigation_tb3/local/lib/python3.10/dist-packages/navigation_tb3
[0.824s] -- Up-to-date: /home/gulislamoglu/naviggation_tb3/install/navigation_tb3/local/lib/python3.10/dist-packages/navigation_tb3/__init__.py
[0.890s] Listing '/home/gulislamoglu/naviggation_tb3/install/navigation_tb3/local/lib/python3.10/dist-packages/navigation_tb3'...
[0.897s] -- Up-to-date: /home/gulislamoglu/naviggation_tb3/install/navigation_tb3/lib/navigation_tb3/multi_waypoints.py
[0.897s] -- Up-to-date: /home/gulislamoglu/naviggation_tb3/install/navigation_tb3/lib/navigation_tb3/publisher.py
[0.897s] -- Up-to-date: /home/gulislamoglu/naviggation_tb3/install/navigation_tb3/share/ament_index/resource_index/package_run_dependencies/navigation_tb3
[0.897s] -- Up-to-date: /home/gulislamoglu/naviggation_tb3/install/navigation_tb3/share/ament_index/resource_index/parent_prefix_path/navigation_tb3
[0.898s] -- Up-to-date: /home/gulislamoglu/naviggation_tb3/install/navigation_tb3/share/navigation_tb3/environment/ament_prefix_path.sh
[0.898s] -- Up-to-date: /home/gulislamoglu/naviggation_tb3/install/navigation_tb3/share/navigation_tb3/environment/ament_prefix_path.dsv
[0.898s] -- Up-to-date: /home/gulislamoglu/naviggation_tb3/install/navigation_tb3/share/navigation_tb3/environment/path.sh
[0.898s] -- Up-to-date: /home/gulislamoglu/naviggation_tb3/install/navigation_tb3/share/navigation_tb3/environment/path.dsv
[0.898s] -- Up-to-date: /home/gulislamoglu/naviggation_tb3/install/navigation_tb3/share/navigation_tb3/local_setup.bash
[0.899s] -- Up-to-date: /home/gulislamoglu/naviggation_tb3/install/navigation_tb3/share/navigation_tb3/local_setup.sh
[0.899s] -- Up-to-date: /home/gulislamoglu/naviggation_tb3/install/navigation_tb3/share/navigation_tb3/local_setup.zsh
[0.899s] -- Up-to-date: /home/gulislamoglu/naviggation_tb3/install/navigation_tb3/share/navigation_tb3/local_setup.dsv
[0.899s] -- Installing: /home/gulislamoglu/naviggation_tb3/install/navigation_tb3/share/navigation_tb3/package.dsv
[0.899s] -- Up-to-date: /home/gulislamoglu/naviggation_tb3/install/navigation_tb3/share/ament_index/resource_index/packages/navigation_tb3
[0.900s] -- Up-to-date: /home/gulislamoglu/naviggation_tb3/install/navigation_tb3/share/navigation_tb3/cmake/navigation_tb3Config.cmake
[0.900s] -- Up-to-date: /home/gulislamoglu/naviggation_tb3/install/navigation_tb3/share/navigation_tb3/cmake/navigation_tb3Config-version.cmake
[0.900s] -- Up-to-date: /home/gulislamoglu/naviggation_tb3/install/navigation_tb3/share/navigation_tb3/package.xml
[0.904s] Invoked command in '/home/gulislamoglu/naviggation_tb3/build/navigation_tb3' returned '0': CMAKE_PREFIX_PATH=${CMAKE_PREFIX_PATH}:/home/gulislamoglu/turtlebot3_ws/install/turtlebot3_teleop:/home/gulislamoglu/turtlebot3_ws/install/turtlebot3_example:/opt/ros/humble /usr/bin/cmake --install /home/gulislamoglu/naviggation_tb3/build/navigation_tb3
