-- Found ament_cmake: 1.3.8 (/opt/ros/humble/share/ament_cmake/cmake)
-- Found rclcpp: 16.0.8 (/opt/ros/humble/share/rclcpp/cmake)
-- Found rosidl_generator_c: 3.1.5 (/opt/ros/humble/share/rosidl_generator_c/cmake)
-- Found rosidl_adapter: 3.1.5 (/opt/ros/humble/share/rosidl_adapter/cmake)
-- Found rosidl_generator_cpp: 3.1.5 (/opt/ros/humble/share/rosidl_generator_cpp/cmake)
-- Using all available rosidl_typesupport_c: rosidl_typesupport_fastrtps_c;rosidl_typesupport_introspection_c
-- Using all available rosidl_typesupport_cpp: rosidl_typesupport_fastrtps_cpp;rosidl_typesupport_introspection_cpp
-- Found rmw_implementation_cmake: 6.1.1 (/opt/ros/humble/share/rmw_implementation_cmake/cmake)
-- Found rmw_fastrtps_cpp: 6.2.6 (/opt/ros/humble/share/rmw_fastrtps_cpp/cmake)
-- Using RMW implementation 'rmw_fastrtps_cpp' as default
-- Found nav_msgs: 4.2.3 (/opt/ros/humble/share/nav_msgs/cmake)
-- Found rclpy: 3.3.12 (/opt/ros/humble/share/rclpy/cmake)
-- Configuring done
-- Generating done
-- Build files have been written to: /home/gulislamoglu/naviggation_tb3/build/navigation_tb3
[35m[1mConsolidate compiler generated dependencies of target pub_occupancy_grid[0m
[100%] Built target pub_occupancy_grid
[100%] Built target ament_cmake_python_copy_navigation_tb3
running egg_info
writing navigation_tb3.egg-info/PKG-INFO
writing dependency_links to navigation_tb3.egg-info/dependency_links.txt
writing top-level names to navigation_tb3.egg-info/top_level.txt
reading manifest file 'navigation_tb3.egg-info/SOURCES.txt'
writing manifest file 'navigation_tb3.egg-info/SOURCES.txt'
[100%] Built target ament_cmake_python_build_navigation_tb3_egg
-- Install configuration: ""
-- Up-to-date: /home/gulislamoglu/naviggation_tb3/install/navigation_tb3/lib/navigation_tb3/pub_occupancy_grid
-- Up-to-date: /home/gulislamoglu/naviggation_tb3/install/navigation_tb3/share/navigation_tb3/launch
-- Up-to-date: /home/gulislamoglu/naviggation_tb3/install/navigation_tb3/share/navigation_tb3/launch/mapping.launch.py
-- Up-to-date: /home/gulislamoglu/naviggation_tb3/install/navigation_tb3/share/navigation_tb3/launch/navigation.launch.py
-- Up-to-date: /home/gulislamoglu/naviggation_tb3/install/navigation_tb3/share/navigation_tb3/config
-- Up-to-date: /home/gulislamoglu/naviggation_tb3/install/navigation_tb3/share/navigation_tb3/config/mapping.rviz
-- Up-to-date: /home/gulislamoglu/naviggation_tb3/install/navigation_tb3/share/navigation_tb3/config/tb3_map.yaml
-- Up-to-date: /home/gulislamoglu/naviggation_tb3/install/navigation_tb3/share/navigation_tb3/config/navigation.rviz
-- Up-to-date: /home/gulislamoglu/naviggation_tb3/install/navigation_tb3/share/navigation_tb3/config/turtlebot3_lds_2d.lua
-- Up-to-date: /home/gulislamoglu/naviggation_tb3/install/navigation_tb3/share/navigation_tb3/config/tb3_nav2_params.yaml
-- Up-to-date: /home/gulislamoglu/naviggation_tb3/install/navigation_tb3/share/navigation_tb3/config/tb3_map.pgm
-- Up-to-date: /home/gulislamoglu/naviggation_tb3/install/navigation_tb3/share/navigation_tb3/environment/pythonpath.sh
-- Installing: /home/gulislamoglu/naviggation_tb3/install/navigation_tb3/share/navigation_tb3/environment/pythonpath.dsv
-- Up-to-date: /home/gulislamoglu/naviggation_tb3/install/navigation_tb3/local/lib/python3.10/dist-packages/navigation_tb3-0.0.0-py3.10.egg-info
-- Installing: /home/gulislamoglu/naviggation_tb3/install/navigation_tb3/local/lib/python3.10/dist-packages/navigation_tb3-0.0.0-py3.10.egg-info/top_level.txt
-- Installing: /home/gulislamoglu/naviggation_tb3/install/navigation_tb3/local/lib/python3.10/dist-packages/navigation_tb3-0.0.0-py3.10.egg-info/SOURCES.txt
-- Installing: /home/gulislamoglu/naviggation_tb3/install/navigation_tb3/local/lib/python3.10/dist-packages/navigation_tb3-0.0.0-py3.10.egg-info/dependency_links.txt
-- Installing: /home/gulislamoglu/naviggation_tb3/install/navigation_tb3/local/lib/python3.10/dist-packages/navigation_tb3-0.0.0-py3.10.egg-info/PKG-INFO
-- Up-to-date: /home/gulislamoglu/naviggation_tb3/install/navigation_tb3/local/lib/python3.10/dist-packages/navigation_tb3
-- Up-to-date: /home/gulislamoglu/naviggation_tb3/install/navigation_tb3/local/lib/python3.10/dist-packages/navigation_tb3/__init__.py
Listing '/home/gulislamoglu/naviggation_tb3/install/navigation_tb3/local/lib/python3.10/dist-packages/navigation_tb3'...
-- Up-to-date: /home/gulislamoglu/naviggation_tb3/install/navigation_tb3/lib/navigation_tb3/single_goal_nav.py
-- Up-to-date: /home/gulislamoglu/naviggation_tb3/install/navigation_tb3/lib/navigation_tb3/multi_waypoints.py
-- Installing: /home/gulislamoglu/naviggation_tb3/install/navigation_tb3/lib/navigation_tb3/publisher.py
-- Up-to-date: /home/gulislamoglu/naviggation_tb3/install/navigation_tb3/share/ament_index/resource_index/package_run_dependencies/navigation_tb3
-- Installing: /home/gulislamoglu/naviggation_tb3/install/navigation_tb3/share/ament_index/resource_index/parent_prefix_path/navigation_tb3
-- Up-to-date: /home/gulislamoglu/naviggation_tb3/install/navigation_tb3/share/navigation_tb3/environment/ament_prefix_path.sh
-- Installing: /home/gulislamoglu/naviggation_tb3/install/navigation_tb3/share/navigation_tb3/environment/ament_prefix_path.dsv
-- Up-to-date: /home/gulislamoglu/naviggation_tb3/install/navigation_tb3/share/navigation_tb3/environment/path.sh
-- Installing: /home/gulislamoglu/naviggation_tb3/install/navigation_tb3/share/navigation_tb3/environment/path.dsv
-- Up-to-date: /home/gulislamoglu/naviggation_tb3/install/navigation_tb3/share/navigation_tb3/local_setup.bash
-- Up-to-date: /home/gulislamoglu/naviggation_tb3/install/navigation_tb3/share/navigation_tb3/local_setup.sh
-- Up-to-date: /home/gulislamoglu/naviggation_tb3/install/navigation_tb3/share/navigation_tb3/local_setup.zsh
-- Installing: /home/gulislamoglu/naviggation_tb3/install/navigation_tb3/share/navigation_tb3/local_setup.dsv
-- Installing: /home/gulislamoglu/naviggation_tb3/install/navigation_tb3/share/navigation_tb3/package.dsv
-- Up-to-date: /home/gulislamoglu/naviggation_tb3/install/navigation_tb3/share/ament_index/resource_index/packages/navigation_tb3
-- Up-to-date: /home/gulislamoglu/naviggation_tb3/install/navigation_tb3/share/navigation_tb3/cmake/navigation_tb3Config.cmake
-- Up-to-date: /home/gulislamoglu/naviggation_tb3/install/navigation_tb3/share/navigation_tb3/cmake/navigation_tb3Config-version.cmake
-- Up-to-date: /home/gulislamoglu/naviggation_tb3/install/navigation_tb3/share/navigation_tb3/package.xml
