[2.487s] DEBUG:colcon:Command line arguments: ['/usr/bin/colcon', 'build']
[2.487s] DEBUG:colcon:Parsed command line arguments: Namespace(log_base=None, log_level=None, verb_name='build', build_base='build', install_base='install', merge_install=False, symlink_install=False, test_result_base=None, continue_on_error=False, executor='parallel', parallel_workers=16, event_handlers=None, ignore_user_meta=False, metas=['./colcon.meta'], base_paths=['.'], packages_ignore=None, packages_ignore_regex=None, paths=None, packages_up_to=None, packages_up_to_regex=None, packages_above=None, packages_above_and_dependencies=None, packages_above_depth=None, packages_select_by_dep=None, packages_skip_by_dep=None, packages_skip_up_to=None, packages_select_build_failed=False, packages_skip_build_finished=False, packages_select_test_failures=False, packages_skip_test_passed=False, packages_select=None, packages_skip=None, packages_select_regex=None, packages_skip_regex=None, packages_start=None, packages_end=None, allow_overriding=[], cmake_args=None, cmake_target=None, cmake_target_skip_unavailable=False, cmake_clean_cache=False, cmake_clean_first=False, cmake_force_configure=False, ament_cmake_args=None, catkin_cmake_args=None, catkin_skip_building_tests=False, mixin_files=None, mixin=None, verb_parser=<colcon_mixin.mixin.mixin_argument.MixinArgumentDecorator object at 0x7901b4a135e0>, verb_extension=<colcon_core.verb.build.BuildVerb object at 0x7901b4a12ef0>, main=<bound method BuildVerb.main of <colcon_core.verb.build.BuildVerb object at 0x7901b4a12ef0>>, mixin_verb=('build',))
[2.885s] Level 1:colcon.colcon_core.package_discovery:discover_packages(colcon_meta) check parameters
[2.885s] Level 1:colcon.colcon_core.package_discovery:discover_packages(recursive) check parameters
[2.885s] Level 1:colcon.colcon_core.package_discovery:discover_packages(ignore) check parameters
[2.885s] Level 1:colcon.colcon_core.package_discovery:discover_packages(path) check parameters
[2.885s] Level 1:colcon.colcon_core.package_discovery:discover_packages(colcon_meta) discover
[2.885s] Level 1:colcon.colcon_core.package_discovery:discover_packages(recursive) discover
[2.885s] INFO:colcon.colcon_core.package_discovery:Crawling recursively for packages in '/home/gulislamoglu/naviggation_tb3'
[2.885s] Level 1:colcon.colcon_core.package_identification:_identify(.) by extensions ['ignore', 'ignore_ament_install']
[2.886s] Level 1:colcon.colcon_core.package_identification:_identify(.) by extension 'ignore'
[2.886s] Level 1:colcon.colcon_core.package_identification:_identify(.) by extension 'ignore_ament_install'
[2.886s] Level 1:colcon.colcon_core.package_identification:_identify(.) by extensions ['colcon_pkg']
[2.886s] Level 1:colcon.colcon_core.package_identification:_identify(.) by extension 'colcon_pkg'
[2.886s] Level 1:colcon.colcon_core.package_identification:_identify(.) by extensions ['colcon_meta']
[2.886s] Level 1:colcon.colcon_core.package_identification:_identify(.) by extension 'colcon_meta'
[2.886s] Level 1:colcon.colcon_core.package_identification:_identify(.) by extensions ['ros']
[2.886s] Level 1:colcon.colcon_core.package_identification:_identify(.) by extension 'ros'
[2.916s] Level 1:colcon.colcon_core.package_identification:_identify(.) by extensions ['cmake', 'python']
[2.916s] Level 1:colcon.colcon_core.package_identification:_identify(.) by extension 'cmake'
[2.916s] Level 1:colcon.colcon_core.package_identification:_identify(.) by extension 'python'
[2.916s] Level 1:colcon.colcon_core.package_identification:_identify(.) by extensions ['python_setup_py']
[2.916s] Level 1:colcon.colcon_core.package_identification:_identify(.) by extension 'python_setup_py'
[2.916s] Level 1:colcon.colcon_core.package_identification:_identify(build) by extensions ['ignore', 'ignore_ament_install']
[2.916s] Level 1:colcon.colcon_core.package_identification:_identify(build) by extension 'ignore'
[2.916s] Level 1:colcon.colcon_core.package_identification:_identify(build) ignored
[2.916s] Level 1:colcon.colcon_core.package_identification:_identify(install) by extensions ['ignore', 'ignore_ament_install']
[2.917s] Level 1:colcon.colcon_core.package_identification:_identify(install) by extension 'ignore'
[2.917s] Level 1:colcon.colcon_core.package_identification:_identify(install) ignored
[2.917s] Level 1:colcon.colcon_core.package_identification:_identify(log) by extensions ['ignore', 'ignore_ament_install']
[2.917s] Level 1:colcon.colcon_core.package_identification:_identify(log) by extension 'ignore'
[2.917s] Level 1:colcon.colcon_core.package_identification:_identify(log) ignored
[2.917s] Level 1:colcon.colcon_core.package_identification:_identify(src) by extensions ['ignore', 'ignore_ament_install']
[2.917s] Level 1:colcon.colcon_core.package_identification:_identify(src) by extension 'ignore'
[2.917s] Level 1:colcon.colcon_core.package_identification:_identify(src) by extension 'ignore_ament_install'
[2.918s] Level 1:colcon.colcon_core.package_identification:_identify(src) by extensions ['colcon_pkg']
[2.918s] Level 1:colcon.colcon_core.package_identification:_identify(src) by extension 'colcon_pkg'
[2.918s] Level 1:colcon.colcon_core.package_identification:_identify(src) by extensions ['colcon_meta']
[2.918s] Level 1:colcon.colcon_core.package_identification:_identify(src) by extension 'colcon_meta'
[2.918s] Level 1:colcon.colcon_core.package_identification:_identify(src) by extensions ['ros']
[2.918s] Level 1:colcon.colcon_core.package_identification:_identify(src) by extension 'ros'
[2.918s] Level 1:colcon.colcon_core.package_identification:_identify(src) by extensions ['cmake', 'python']
[2.918s] Level 1:colcon.colcon_core.package_identification:_identify(src) by extension 'cmake'
[2.918s] Level 1:colcon.colcon_core.package_identification:_identify(src) by extension 'python'
[2.918s] Level 1:colcon.colcon_core.package_identification:_identify(src) by extensions ['python_setup_py']
[2.918s] Level 1:colcon.colcon_core.package_identification:_identify(src) by extension 'python_setup_py'
[2.918s] Level 1:colcon.colcon_core.package_identification:_identify(src/navigation_tb3) by extensions ['ignore', 'ignore_ament_install']
[2.919s] Level 1:colcon.colcon_core.package_identification:_identify(src/navigation_tb3) by extension 'ignore'
[2.919s] Level 1:colcon.colcon_core.package_identification:_identify(src/navigation_tb3) by extension 'ignore_ament_install'
[2.919s] Level 1:colcon.colcon_core.package_identification:_identify(src/navigation_tb3) by extensions ['colcon_pkg']
[2.919s] Level 1:colcon.colcon_core.package_identification:_identify(src/navigation_tb3) by extension 'colcon_pkg'
[2.919s] Level 1:colcon.colcon_core.package_identification:_identify(src/navigation_tb3) by extensions ['colcon_meta']
[2.919s] Level 1:colcon.colcon_core.package_identification:_identify(src/navigation_tb3) by extension 'colcon_meta'
[2.919s] Level 1:colcon.colcon_core.package_identification:_identify(src/navigation_tb3) by extensions ['ros']
[2.919s] Level 1:colcon.colcon_core.package_identification:_identify(src/navigation_tb3) by extension 'ros'
[2.923s] DEBUG:colcon.colcon_core.package_identification:Package 'src/navigation_tb3' with type 'ros.ament_cmake' and name 'navigation_tb3'
[2.923s] Level 1:colcon.colcon_core.package_discovery:discover_packages(recursive) using defaults
[2.923s] Level 1:colcon.colcon_core.package_discovery:discover_packages(ignore) discover
[2.924s] Level 1:colcon.colcon_core.package_discovery:discover_packages(ignore) using defaults
[2.924s] Level 1:colcon.colcon_core.package_discovery:discover_packages(path) discover
[2.924s] Level 1:colcon.colcon_core.package_discovery:discover_packages(path) using defaults
[2.960s] Level 1:colcon.colcon_core.package_discovery:discover_packages(prefix_path) check parameters
[2.960s] Level 1:colcon.colcon_core.package_discovery:discover_packages(prefix_path) discover
[2.965s] DEBUG:colcon.colcon_installed_package_information.package_discovery:Found 13 installed packages in /home/gulislamoglu/turtlebot3_ws/install
[2.968s] DEBUG:colcon.colcon_installed_package_information.package_discovery:Found 396 installed packages in /opt/ros/humble
[2.972s] Level 1:colcon.colcon_core.package_discovery:discover_packages(prefix_path) using defaults
[3.060s] Level 5:colcon.colcon_core.verb:set package 'navigation_tb3' build argument 'cmake_args' from command line to 'None'
[3.060s] Level 5:colcon.colcon_core.verb:set package 'navigation_tb3' build argument 'cmake_target' from command line to 'None'
[3.060s] Level 5:colcon.colcon_core.verb:set package 'navigation_tb3' build argument 'cmake_target_skip_unavailable' from command line to 'False'
[3.060s] Level 5:colcon.colcon_core.verb:set package 'navigation_tb3' build argument 'cmake_clean_cache' from command line to 'False'
[3.060s] Level 5:colcon.colcon_core.verb:set package 'navigation_tb3' build argument 'cmake_clean_first' from command line to 'False'
[3.060s] Level 5:colcon.colcon_core.verb:set package 'navigation_tb3' build argument 'cmake_force_configure' from command line to 'False'
[3.060s] Level 5:colcon.colcon_core.verb:set package 'navigation_tb3' build argument 'ament_cmake_args' from command line to 'None'
[3.060s] Level 5:colcon.colcon_core.verb:set package 'navigation_tb3' build argument 'catkin_cmake_args' from command line to 'None'
[3.060s] Level 5:colcon.colcon_core.verb:set package 'navigation_tb3' build argument 'catkin_skip_building_tests' from command line to 'False'
[3.060s] DEBUG:colcon.colcon_core.verb:Building package 'navigation_tb3' with the following arguments: {'ament_cmake_args': None, 'build_base': '/home/gulislamoglu/naviggation_tb3/build/navigation_tb3', 'catkin_cmake_args': None, 'catkin_skip_building_tests': False, 'cmake_args': None, 'cmake_clean_cache': False, 'cmake_clean_first': False, 'cmake_force_configure': False, 'cmake_target': None, 'cmake_target_skip_unavailable': False, 'install_base': '/home/gulislamoglu/naviggation_tb3/install/navigation_tb3', 'merge_install': False, 'path': '/home/gulislamoglu/naviggation_tb3/src/navigation_tb3', 'symlink_install': False, 'test_result_base': None}
[3.060s] INFO:colcon.colcon_core.executor:Executing jobs using 'parallel' executor
[3.062s] DEBUG:colcon.colcon_parallel_executor.executor.parallel:run_until_complete
[3.062s] INFO:colcon.colcon_ros.task.ament_cmake.build:Building ROS package in '/home/gulislamoglu/naviggation_tb3/src/navigation_tb3' with build type 'ament_cmake'
[3.062s] INFO:colcon.colcon_cmake.task.cmake.build:Building CMake package in '/home/gulislamoglu/naviggation_tb3/src/navigation_tb3'
[3.067s] INFO:colcon.colcon_core.plugin_system:Skipping extension 'colcon_core.shell.bat': Not used on non-Windows systems
[3.068s] INFO:colcon.colcon_core.shell:Skip shell extension 'powershell' for command environment: Not usable outside of PowerShell
[3.068s] DEBUG:colcon.colcon_core.shell:Skip shell extension 'dsv' for command environment
[3.083s] DEBUG:colcon.colcon_core.event_handler.log_command:Invoking command in '/home/gulislamoglu/naviggation_tb3/build/navigation_tb3': CMAKE_PREFIX_PATH=${CMAKE_PREFIX_PATH}:/home/gulislamoglu/turtlebot3_ws/install/turtlebot3_teleop:/home/gulislamoglu/turtlebot3_ws/install/turtlebot3_example:/opt/ros/humble /usr/bin/cmake --build /home/gulislamoglu/naviggation_tb3/build/navigation_tb3 -- -j16 -l16
[3.779s] DEBUG:colcon.colcon_core.event_handler.log_command:Invoked command in '/home/gulislamoglu/naviggation_tb3/build/navigation_tb3' returned '0': CMAKE_PREFIX_PATH=${CMAKE_PREFIX_PATH}:/home/gulislamoglu/turtlebot3_ws/install/turtlebot3_teleop:/home/gulislamoglu/turtlebot3_ws/install/turtlebot3_example:/opt/ros/humble /usr/bin/cmake --build /home/gulislamoglu/naviggation_tb3/build/navigation_tb3 -- -j16 -l16
[3.863s] DEBUG:colcon.colcon_core.event_handler.log_command:Invoking command in '/home/gulislamoglu/naviggation_tb3/build/navigation_tb3': CMAKE_PREFIX_PATH=${CMAKE_PREFIX_PATH}:/home/gulislamoglu/turtlebot3_ws/install/turtlebot3_teleop:/home/gulislamoglu/turtlebot3_ws/install/turtlebot3_example:/opt/ros/humble /usr/bin/cmake --install /home/gulislamoglu/naviggation_tb3/build/navigation_tb3
[3.945s] Level 1:colcon.colcon_core.environment:create_environment_scripts_only(navigation_tb3)
[3.947s] DEBUG:colcon.colcon_core.event_handler.log_command:Invoked command in '/home/gulislamoglu/naviggation_tb3/build/navigation_tb3' returned '0': CMAKE_PREFIX_PATH=${CMAKE_PREFIX_PATH}:/home/gulislamoglu/turtlebot3_ws/install/turtlebot3_teleop:/home/gulislamoglu/turtlebot3_ws/install/turtlebot3_example:/opt/ros/humble /usr/bin/cmake --install /home/gulislamoglu/naviggation_tb3/build/navigation_tb3
[3.953s] Level 1:colcon.colcon_core.environment:checking '/home/gulislamoglu/naviggation_tb3/install/navigation_tb3' for CMake module files
[3.954s] Level 1:colcon.colcon_core.environment:checking '/home/gulislamoglu/naviggation_tb3/install/navigation_tb3' for CMake config files
[3.954s] Level 1:colcon.colcon_core.shell:create_environment_hook('navigation_tb3', 'cmake_prefix_path')
[3.954s] INFO:colcon.colcon_core.shell:Creating environment hook '/home/gulislamoglu/naviggation_tb3/install/navigation_tb3/share/navigation_tb3/hook/cmake_prefix_path.ps1'
[3.955s] INFO:colcon.colcon_core.shell:Creating environment descriptor '/home/gulislamoglu/naviggation_tb3/install/navigation_tb3/share/navigation_tb3/hook/cmake_prefix_path.dsv'
[3.956s] INFO:colcon.colcon_core.shell:Creating environment hook '/home/gulislamoglu/naviggation_tb3/install/navigation_tb3/share/navigation_tb3/hook/cmake_prefix_path.sh'
[3.957s] Level 1:colcon.colcon_core.environment:checking '/home/gulislamoglu/naviggation_tb3/install/navigation_tb3/lib'
[3.957s] Level 1:colcon.colcon_core.environment:checking '/home/gulislamoglu/naviggation_tb3/install/navigation_tb3/bin'
[3.957s] Level 1:colcon.colcon_core.environment:checking '/home/gulislamoglu/naviggation_tb3/install/navigation_tb3/lib/pkgconfig/navigation_tb3.pc'
[3.958s] Level 1:colcon.colcon_core.environment:checking '/home/gulislamoglu/naviggation_tb3/install/navigation_tb3/lib/python3.10/site-packages'
[3.958s] Level 1:colcon.colcon_core.environment:checking '/home/gulislamoglu/naviggation_tb3/install/navigation_tb3/bin'
[3.958s] INFO:colcon.colcon_core.shell:Creating package script '/home/gulislamoglu/naviggation_tb3/install/navigation_tb3/share/navigation_tb3/package.ps1'
[3.959s] INFO:colcon.colcon_core.shell:Creating package descriptor '/home/gulislamoglu/naviggation_tb3/install/navigation_tb3/share/navigation_tb3/package.dsv'
[3.960s] INFO:colcon.colcon_core.shell:Creating package script '/home/gulislamoglu/naviggation_tb3/install/navigation_tb3/share/navigation_tb3/package.sh'
[3.961s] INFO:colcon.colcon_core.shell:Creating package script '/home/gulislamoglu/naviggation_tb3/install/navigation_tb3/share/navigation_tb3/package.bash'
[3.962s] INFO:colcon.colcon_core.shell:Creating package script '/home/gulislamoglu/naviggation_tb3/install/navigation_tb3/share/navigation_tb3/package.zsh'
[3.963s] Level 1:colcon.colcon_core.environment:create_file_with_runtime_dependencies(/home/gulislamoglu/naviggation_tb3/install/navigation_tb3/share/colcon-core/packages/navigation_tb3)
[4.021s] Level 1:colcon.colcon_core.environment:create_environment_scripts_only(navigation_tb3)
[4.021s] Level 1:colcon.colcon_core.environment:checking '/home/gulislamoglu/naviggation_tb3/install/navigation_tb3' for CMake module files
[4.022s] Level 1:colcon.colcon_core.environment:checking '/home/gulislamoglu/naviggation_tb3/install/navigation_tb3' for CMake config files
[4.022s] Level 1:colcon.colcon_core.shell:create_environment_hook('navigation_tb3', 'cmake_prefix_path')
[4.022s] INFO:colcon.colcon_core.shell:Creating environment hook '/home/gulislamoglu/naviggation_tb3/install/navigation_tb3/share/navigation_tb3/hook/cmake_prefix_path.ps1'
[4.023s] INFO:colcon.colcon_core.shell:Creating environment descriptor '/home/gulislamoglu/naviggation_tb3/install/navigation_tb3/share/navigation_tb3/hook/cmake_prefix_path.dsv'
[4.023s] INFO:colcon.colcon_core.shell:Creating environment hook '/home/gulislamoglu/naviggation_tb3/install/navigation_tb3/share/navigation_tb3/hook/cmake_prefix_path.sh'
[4.024s] Level 1:colcon.colcon_core.environment:checking '/home/gulislamoglu/naviggation_tb3/install/navigation_tb3/lib'
[4.024s] Level 1:colcon.colcon_core.environment:checking '/home/gulislamoglu/naviggation_tb3/install/navigation_tb3/bin'
[4.024s] Level 1:colcon.colcon_core.environment:checking '/home/gulislamoglu/naviggation_tb3/install/navigation_tb3/lib/pkgconfig/navigation_tb3.pc'
[4.024s] Level 1:colcon.colcon_core.environment:checking '/home/gulislamoglu/naviggation_tb3/install/navigation_tb3/lib/python3.10/site-packages'
[4.025s] Level 1:colcon.colcon_core.environment:checking '/home/gulislamoglu/naviggation_tb3/install/navigation_tb3/bin'
[4.025s] INFO:colcon.colcon_core.shell:Creating package script '/home/gulislamoglu/naviggation_tb3/install/navigation_tb3/share/navigation_tb3/package.ps1'
[4.026s] INFO:colcon.colcon_core.shell:Creating package descriptor '/home/gulislamoglu/naviggation_tb3/install/navigation_tb3/share/navigation_tb3/package.dsv'
[4.026s] INFO:colcon.colcon_core.shell:Creating package script '/home/gulislamoglu/naviggation_tb3/install/navigation_tb3/share/navigation_tb3/package.sh'
[4.027s] INFO:colcon.colcon_core.shell:Creating package script '/home/gulislamoglu/naviggation_tb3/install/navigation_tb3/share/navigation_tb3/package.bash'
[4.027s] INFO:colcon.colcon_core.shell:Creating package script '/home/gulislamoglu/naviggation_tb3/install/navigation_tb3/share/navigation_tb3/package.zsh'
[4.027s] Level 1:colcon.colcon_core.environment:create_file_with_runtime_dependencies(/home/gulislamoglu/naviggation_tb3/install/navigation_tb3/share/colcon-core/packages/navigation_tb3)
[4.028s] DEBUG:colcon.colcon_parallel_executor.executor.parallel:closing loop
[4.028s] DEBUG:colcon.colcon_parallel_executor.executor.parallel:loop closed
[4.028s] DEBUG:colcon.colcon_parallel_executor.executor.parallel:run_until_complete finished with '0'
[4.028s] DEBUG:colcon.colcon_core.event_reactor:joining thread
[4.036s] INFO:colcon.colcon_core.plugin_system:Skipping extension 'colcon_notification.desktop_notification.terminal_notifier': Not used on non-Darwin systems
[4.036s] INFO:colcon.colcon_core.plugin_system:Skipping extension 'colcon_notification.desktop_notification.win32': Not used on non-Windows systems
[4.036s] INFO:colcon.colcon_notification.desktop_notification:Sending desktop notification using 'notify2'
[4.063s] DEBUG:colcon.colcon_core.event_reactor:joined thread
[4.064s] INFO:colcon.colcon_core.shell:Creating prefix script '/home/gulislamoglu/naviggation_tb3/install/local_setup.ps1'
[4.065s] INFO:colcon.colcon_core.shell:Creating prefix util module '/home/gulislamoglu/naviggation_tb3/install/_local_setup_util_ps1.py'
[4.067s] INFO:colcon.colcon_core.shell:Creating prefix chain script '/home/gulislamoglu/naviggation_tb3/install/setup.ps1'
[4.070s] INFO:colcon.colcon_core.shell:Creating prefix script '/home/gulislamoglu/naviggation_tb3/install/local_setup.sh'
[4.071s] INFO:colcon.colcon_core.shell:Creating prefix util module '/home/gulislamoglu/naviggation_tb3/install/_local_setup_util_sh.py'
[4.071s] INFO:colcon.colcon_core.shell:Creating prefix chain script '/home/gulislamoglu/naviggation_tb3/install/setup.sh'
[4.074s] INFO:colcon.colcon_core.shell:Creating prefix script '/home/gulislamoglu/naviggation_tb3/install/local_setup.bash'
[4.074s] INFO:colcon.colcon_core.shell:Creating prefix chain script '/home/gulislamoglu/naviggation_tb3/install/setup.bash'
[4.076s] INFO:colcon.colcon_core.shell:Creating prefix script '/home/gulislamoglu/naviggation_tb3/install/local_setup.zsh'
[4.077s] INFO:colcon.colcon_core.shell:Creating prefix chain script '/home/gulislamoglu/naviggation_tb3/install/setup.zsh'
