[0.022s] Invoking command in '/home/gulislamoglu/naviggation_tb3/build/navigation_tb3': CMAKE_PREFIX_PATH=${CMAKE_PREFIX_PATH}:/home/gulislamoglu/turtlebot3_ws/install/turtlebot3_teleop:/home/gulislamoglu/turtlebot3_ws/install/turtlebot3_example:/opt/ros/humble /usr/bin/cmake --build /home/gulislamoglu/naviggation_tb3/build/navigation_tb3 -- -j16 -l16
[0.108s] -- Found ament_cmake: 1.3.8 (/opt/ros/humble/share/ament_cmake/cmake)
[0.324s] -- Found rclcpp: 16.0.8 (/opt/ros/humble/share/rclcpp/cmake)
[0.383s] -- Found rosidl_generator_c: 3.1.5 (/opt/ros/humble/share/rosidl_generator_c/cmake)
[0.387s] -- Found rosidl_adapter: 3.1.5 (/opt/ros/humble/share/rosidl_adapter/cmake)
[0.399s] -- Found rosidl_generator_cpp: 3.1.5 (/opt/ros/humble/share/rosidl_generator_cpp/cmake)
[0.421s] -- Using all available rosidl_typesupport_c: rosidl_typesupport_fastrtps_c;rosidl_typesupport_introspection_c
[0.448s] -- Using all available rosidl_typesupport_cpp: rosidl_typesupport_fastrtps_cpp;rosidl_typesupport_introspection_cpp
[0.550s] -- Found rmw_implementation_cmake: 6.1.1 (/opt/ros/humble/share/rmw_implementation_cmake/cmake)
[0.553s] -- Found rmw_fastrtps_cpp: 6.2.6 (/opt/ros/humble/share/rmw_fastrtps_cpp/cmake)
[0.786s] -- Using RMW implementation 'rmw_fastrtps_cpp' as default
[1.058s] -- Found nav_msgs: 4.2.3 (/opt/ros/humble/share/nav_msgs/cmake)
[1.240s] -- Found rclpy: 3.3.12 (/opt/ros/humble/share/rclpy/cmake)
[1.442s] -- Configuring done
[1.468s] -- Generating done
[1.471s] -- Build files have been written to: /home/gulislamoglu/naviggation_tb3/build/navigation_tb3
[1.525s] [35m[1mConsolidate compiler generated dependencies of target pub_occupancy_grid[0m
[1.553s] [  0%] Built target ament_cmake_python_copy_navigation_tb3
[1.582s] [ 50%] [32mBuilding CXX object CMakeFiles/pub_occupancy_grid.dir/src/pub_occupancy_grid.cpp.o[0m
[1.937s] running egg_info
[1.938s] writing navigation_tb3.egg-info/PKG-INFO
[1.938s] writing dependency_links to navigation_tb3.egg-info/dependency_links.txt
[1.939s] writing top-level names to navigation_tb3.egg-info/top_level.txt
[1.942s] reading manifest file 'navigation_tb3.egg-info/SOURCES.txt'
[1.943s] writing manifest file 'navigation_tb3.egg-info/SOURCES.txt'
[1.982s] [ 50%] Built target ament_cmake_python_build_navigation_tb3_egg
[5.762s] [100%] [32m[1mLinking CXX executable pub_occupancy_grid[0m
[6.049s] [100%] Built target pub_occupancy_grid
[6.077s] Invoked command in '/home/gulislamoglu/naviggation_tb3/build/navigation_tb3' returned '0': CMAKE_PREFIX_PATH=${CMAKE_PREFIX_PATH}:/home/gulislamoglu/turtlebot3_ws/install/turtlebot3_teleop:/home/gulislamoglu/turtlebot3_ws/install/turtlebot3_example:/opt/ros/humble /usr/bin/cmake --build /home/gulislamoglu/naviggation_tb3/build/navigation_tb3 -- -j16 -l16
[6.160s] Invoking command in '/home/gulislamoglu/naviggation_tb3/build/navigation_tb3': CMAKE_PREFIX_PATH=${CMAKE_PREFIX_PATH}:/home/gulislamoglu/turtlebot3_ws/install/turtlebot3_teleop:/home/gulislamoglu/turtlebot3_ws/install/turtlebot3_example:/opt/ros/humble /usr/bin/cmake --install /home/gulislamoglu/naviggation_tb3/build/navigation_tb3
[6.180s] -- Install configuration: ""
[6.185s] -- Installing: /home/gulislamoglu/naviggation_tb3/install/navigation_tb3/lib/navigation_tb3/pub_occupancy_grid
[6.192s] -- Set runtime path of "/home/gulislamoglu/naviggation_tb3/install/navigation_tb3/lib/navigation_tb3/pub_occupancy_grid" to ""
[6.192s] -- Up-to-date: /home/gulislamoglu/naviggation_tb3/install/navigation_tb3/share/navigation_tb3/launch
[6.192s] -- Up-to-date: /home/gulislamoglu/naviggation_tb3/install/navigation_tb3/share/navigation_tb3/launch/mapping.launch.py
[6.192s] -- Up-to-date: /home/gulislamoglu/naviggation_tb3/install/navigation_tb3/share/navigation_tb3/launch/navigation.launch.py
[6.193s] -- Up-to-date: /home/gulislamoglu/naviggation_tb3/install/navigation_tb3/share/navigation_tb3/config
[6.193s] -- Up-to-date: /home/gulislamoglu/naviggation_tb3/install/navigation_tb3/share/navigation_tb3/config/mapping.rviz
[6.193s] -- Up-to-date: /home/gulislamoglu/naviggation_tb3/install/navigation_tb3/share/navigation_tb3/config/tb3_map.yaml
[6.193s] -- Up-to-date: /home/gulislamoglu/naviggation_tb3/install/navigation_tb3/share/navigation_tb3/config/navigation.rviz
[6.193s] -- Up-to-date: /home/gulislamoglu/naviggation_tb3/install/navigation_tb3/share/navigation_tb3/config/turtlebot3_lds_2d.lua
[6.194s] -- Up-to-date: /home/gulislamoglu/naviggation_tb3/install/navigation_tb3/share/navigation_tb3/config/map_house.pgm
[6.194s] -- Up-to-date: /home/gulislamoglu/naviggation_tb3/install/navigation_tb3/share/navigation_tb3/config/tb3_nav2_params.yaml
[6.194s] -- Up-to-date: /home/gulislamoglu/naviggation_tb3/install/navigation_tb3/share/navigation_tb3/config/tb3_map.pgm
[6.194s] -- Up-to-date: /home/gulislamoglu/naviggation_tb3/install/navigation_tb3/share/navigation_tb3/config/map_house.yaml
[6.194s] -- Up-to-date: /home/gulislamoglu/naviggation_tb3/install/navigation_tb3/share/navigation_tb3/environment/pythonpath.sh
[6.194s] -- Installing: /home/gulislamoglu/naviggation_tb3/install/navigation_tb3/share/navigation_tb3/environment/pythonpath.dsv
[6.194s] -- Up-to-date: /home/gulislamoglu/naviggation_tb3/install/navigation_tb3/local/lib/python3.10/dist-packages/navigation_tb3-0.0.0-py3.10.egg-info
[6.194s] -- Installing: /home/gulislamoglu/naviggation_tb3/install/navigation_tb3/local/lib/python3.10/dist-packages/navigation_tb3-0.0.0-py3.10.egg-info/top_level.txt
[6.194s] -- Installing: /home/gulislamoglu/naviggation_tb3/install/navigation_tb3/local/lib/python3.10/dist-packages/navigation_tb3-0.0.0-py3.10.egg-info/SOURCES.txt
[6.195s] -- Installing: /home/gulislamoglu/naviggation_tb3/install/navigation_tb3/local/lib/python3.10/dist-packages/navigation_tb3-0.0.0-py3.10.egg-info/dependency_links.txt
[6.195s] -- Installing: /home/gulislamoglu/naviggation_tb3/install/navigation_tb3/local/lib/python3.10/dist-packages/navigation_tb3-0.0.0-py3.10.egg-info/PKG-INFO
[6.196s] -- Up-to-date: /home/gulislamoglu/naviggation_tb3/install/navigation_tb3/local/lib/python3.10/dist-packages/navigation_tb3
[6.196s] -- Up-to-date: /home/gulislamoglu/naviggation_tb3/install/navigation_tb3/local/lib/python3.10/dist-packages/navigation_tb3/__init__.py
[6.257s] Listing '/home/gulislamoglu/naviggation_tb3/install/navigation_tb3/local/lib/python3.10/dist-packages/navigation_tb3'...
[6.261s] -- Installing: /home/gulislamoglu/naviggation_tb3/install/navigation_tb3/lib/navigation_tb3/multi_waypoints.py
[6.261s] -- Up-to-date: /home/gulislamoglu/naviggation_tb3/install/navigation_tb3/lib/navigation_tb3/publisher.py
[6.262s] -- Up-to-date: /home/gulislamoglu/naviggation_tb3/install/navigation_tb3/share/ament_index/resource_index/package_run_dependencies/navigation_tb3
[6.262s] -- Installing: /home/gulislamoglu/naviggation_tb3/install/navigation_tb3/share/ament_index/resource_index/parent_prefix_path/navigation_tb3
[6.262s] -- Up-to-date: /home/gulislamoglu/naviggation_tb3/install/navigation_tb3/share/navigation_tb3/environment/ament_prefix_path.sh
[6.262s] -- Installing: /home/gulislamoglu/naviggation_tb3/install/navigation_tb3/share/navigation_tb3/environment/ament_prefix_path.dsv
[6.262s] -- Up-to-date: /home/gulislamoglu/naviggation_tb3/install/navigation_tb3/share/navigation_tb3/environment/path.sh
[6.263s] -- Installing: /home/gulislamoglu/naviggation_tb3/install/navigation_tb3/share/navigation_tb3/environment/path.dsv
[6.263s] -- Up-to-date: /home/gulislamoglu/naviggation_tb3/install/navigation_tb3/share/navigation_tb3/local_setup.bash
[6.263s] -- Up-to-date: /home/gulislamoglu/naviggation_tb3/install/navigation_tb3/share/navigation_tb3/local_setup.sh
[6.264s] -- Up-to-date: /home/gulislamoglu/naviggation_tb3/install/navigation_tb3/share/navigation_tb3/local_setup.zsh
[6.264s] -- Installing: /home/gulislamoglu/naviggation_tb3/install/navigation_tb3/share/navigation_tb3/local_setup.dsv
[6.264s] -- Installing: /home/gulislamoglu/naviggation_tb3/install/navigation_tb3/share/navigation_tb3/package.dsv
[6.264s] -- Up-to-date: /home/gulislamoglu/naviggation_tb3/install/navigation_tb3/share/ament_index/resource_index/packages/navigation_tb3
[6.264s] -- Up-to-date: /home/gulislamoglu/naviggation_tb3/install/navigation_tb3/share/navigation_tb3/cmake/navigation_tb3Config.cmake
[6.264s] -- Up-to-date: /home/gulislamoglu/naviggation_tb3/install/navigation_tb3/share/navigation_tb3/cmake/navigation_tb3Config-version.cmake
[6.264s] -- Up-to-date: /home/gulislamoglu/naviggation_tb3/install/navigation_tb3/share/navigation_tb3/package.xml
[6.266s] Invoked command in '/home/gulislamoglu/naviggation_tb3/build/navigation_tb3' returned '0': CMAKE_PREFIX_PATH=${CMAKE_PREFIX_PATH}:/home/gulislamoglu/turtlebot3_ws/install/turtlebot3_teleop:/home/gulislamoglu/turtlebot3_ws/install/turtlebot3_example:/opt/ros/humble /usr/bin/cmake --install /home/gulislamoglu/naviggation_tb3/build/navigation_tb3
